----------------------------------------
Timestamp: 2016-05-20 07:33:23

Message: HandlingInstanceID: 9073bfdc-0d38-4522-9846-009a88138722
An exception of type 'System.Reflection.TargetInvocationException' occurred and was caught.
-------------------------------------------------------------------------------------------
05/20/2016 15:33:23
Type : System.Reflection.TargetInvocationException, mscorlib, Version=4.0.0.0, Culture=neutral, PublicKeyToken=b77a5c561934e089
Message : 调用的目标发生了异常。
Source : mscorlib
Help link : 
Data : System.Collections.ListDictionaryInternal
TargetSite : System.Object InvokeMethod(System.Object, System.Object[], System.Signature, Boolean)
HResult : -2146232828
Stack Trace :    在 System.RuntimeMethodHandle.InvokeMethod(Object target, Object[] arguments, Signature sig, Boolean constructor)
   在 System.Reflection.RuntimeMethodInfo.UnsafeInvokeInternal(Object obj, Object[] parameters, Object[] arguments)
   在 System.Reflection.RuntimeMethodInfo.Invoke(Object obj, BindingFlags invokeAttr, Binder binder, Object[] parameters, CultureInfo culture)
   在 System.Reflection.MethodBase.Invoke(Object obj, Object[] parameters)
   在 EFWCoreLib.WcfFrame.ClientController.WcfClientController.UI_ControllerEvent(String eventname, Object[] objs)

Additional Info:

MachineName : UALG394S3SBEXSU
TimeStamp : 2016-05-20 07:33:23
FullName : Microsoft.Practices.EnterpriseLibrary.ExceptionHandling, Version=5.0.414.0, Culture=neutral, PublicKeyToken=31bf3856ad364e35
AppDomainName : efwplusClient.exe
ThreadIdentity : 
WindowsIdentity : UALG394S3SBEXSU\Administrator
	Inner Exception
	---------------
	Type : System.Exception, mscorlib, Version=4.0.0.0, Culture=neutral, PublicKeyToken=b77a5c561934e089
	Message : 无法将类型为“System.Int32[]”的对象强制转换为类型“EFWCoreLib.CoreFrame.Business.Interface.IbindDb”。
	Source : EFWCoreLib
	Help link : 
	Data : System.Collections.ListDictionaryInternal
	TargetSite : System.Object InvokeWCFService(System.String, System.String, System.String)
	HResult : -2146233088
	Stack Trace :    在 EFWCoreLib.WcfFrame.ClientController.WcfClientController.InvokeWCFService(String controller, String method, String jsondata)
	   在 WinMainUIFrame.Winform.Controller.wcfclientEmpUserController.LoadUserData(Int32[] deptIds)



Category: FileLog

Priority: 0

EventId: 100

Severity: Error

Title:Enterprise Library Exception Handling

Machine: UALG394S3SBEXSU

App Domain: efwplusClient.exe

ProcessId: 8808

Process Name: D:\工作台\efwplus产品目录\efwplus_cloudhospital\发布打包\efwplusClient\efwplusClient.exe

Thread Name: 

Win32 ThreadId:8940

Extended Properties: 
----------------------------------------
----------------------------------------
Timestamp: 2016-05-20 07:33:30

Message: HandlingInstanceID: 1151283d-8676-4adf-bd05-b90f0816620c
An exception of type 'System.Reflection.TargetInvocationException' occurred and was caught.
-------------------------------------------------------------------------------------------
05/20/2016 15:33:30
Type : System.Reflection.TargetInvocationException, mscorlib, Version=4.0.0.0, Culture=neutral, PublicKeyToken=b77a5c561934e089
Message : 调用的目标发生了异常。
Source : mscorlib
Help link : 
Data : System.Collections.ListDictionaryInternal
TargetSite : System.Object InvokeMethod(System.Object, System.Object[], System.Signature, Boolean)
HResult : -2146232828
Stack Trace :    在 System.RuntimeMethodHandle.InvokeMethod(Object target, Object[] arguments, Signature sig, Boolean constructor)
   在 System.Reflection.RuntimeMethodInfo.UnsafeInvokeInternal(Object obj, Object[] parameters, Object[] arguments)
   在 System.Reflection.RuntimeMethodInfo.Invoke(Object obj, BindingFlags invokeAttr, Binder binder, Object[] parameters, CultureInfo culture)
   在 System.Reflection.MethodBase.Invoke(Object obj, Object[] parameters)
   在 EFWCoreLib.WcfFrame.ClientController.WcfClientController.UI_ControllerEvent(String eventname, Object[] objs)

Additional Info:

MachineName : UALG394S3SBEXSU
TimeStamp : 2016-05-20 07:33:30
FullName : Microsoft.Practices.EnterpriseLibrary.ExceptionHandling, Version=5.0.414.0, Culture=neutral, PublicKeyToken=31bf3856ad364e35
AppDomainName : efwplusClient.exe
ThreadIdentity : 
WindowsIdentity : UALG394S3SBEXSU\Administrator
	Inner Exception
	---------------
	Type : System.Exception, mscorlib, Version=4.0.0.0, Culture=neutral, PublicKeyToken=b77a5c561934e089
	Message : 无法将类型为“System.Int32[]”的对象强制转换为类型“EFWCoreLib.CoreFrame.Business.Interface.IbindDb”。
	Source : EFWCoreLib
	Help link : 
	Data : System.Collections.ListDictionaryInternal
	TargetSite : System.Object InvokeWCFService(System.String, System.String, System.String)
	HResult : -2146233088
	Stack Trace :    在 EFWCoreLib.WcfFrame.ClientController.WcfClientController.InvokeWCFService(String controller, String method, String jsondata)
	   在 WinMainUIFrame.Winform.Controller.wcfclientEmpUserController.LoadUserData(Int32[] deptIds)



Category: FileLog

Priority: 0

EventId: 100

Severity: Error

Title:Enterprise Library Exception Handling

Machine: UALG394S3SBEXSU

App Domain: efwplusClient.exe

ProcessId: 8808

Process Name: D:\工作台\efwplus产品目录\efwplus_cloudhospital\发布打包\efwplusClient\efwplusClient.exe

Thread Name: 

Win32 ThreadId:8940

Extended Properties: 
----------------------------------------
----------------------------------------
Timestamp: 2016-05-20 07:33:33

Message: HandlingInstanceID: bf7a70be-00e1-43d2-91e8-a57b018bcbed
An exception of type 'System.Reflection.TargetInvocationException' occurred and was caught.
-------------------------------------------------------------------------------------------
05/20/2016 15:33:33
Type : System.Reflection.TargetInvocationException, mscorlib, Version=4.0.0.0, Culture=neutral, PublicKeyToken=b77a5c561934e089
Message : 调用的目标发生了异常。
Source : mscorlib
Help link : 
Data : System.Collections.ListDictionaryInternal
TargetSite : System.Object InvokeMethod(System.Object, System.Object[], System.Signature, Boolean)
HResult : -2146232828
Stack Trace :    在 System.RuntimeMethodHandle.InvokeMethod(Object target, Object[] arguments, Signature sig, Boolean constructor)
   在 System.Reflection.RuntimeMethodInfo.UnsafeInvokeInternal(Object obj, Object[] parameters, Object[] arguments)
   在 System.Reflection.RuntimeMethodInfo.Invoke(Object obj, BindingFlags invokeAttr, Binder binder, Object[] parameters, CultureInfo culture)
   在 System.Reflection.MethodBase.Invoke(Object obj, Object[] parameters)
   在 EFWCoreLib.WcfFrame.ClientController.WcfClientController.UI_ControllerEvent(String eventname, Object[] objs)

Additional Info:

MachineName : UALG394S3SBEXSU
TimeStamp : 2016-05-20 07:33:33
FullName : Microsoft.Practices.EnterpriseLibrary.ExceptionHandling, Version=5.0.414.0, Culture=neutral, PublicKeyToken=31bf3856ad364e35
AppDomainName : efwplusClient.exe
ThreadIdentity : 
WindowsIdentity : UALG394S3SBEXSU\Administrator
	Inner Exception
	---------------
	Type : System.Exception, mscorlib, Version=4.0.0.0, Culture=neutral, PublicKeyToken=b77a5c561934e089
	Message : 无法将类型为“System.Int32[]”的对象强制转换为类型“EFWCoreLib.CoreFrame.Business.Interface.IbindDb”。
	Source : EFWCoreLib
	Help link : 
	Data : System.Collections.ListDictionaryInternal
	TargetSite : System.Object InvokeWCFService(System.String, System.String, System.String)
	HResult : -2146233088
	Stack Trace :    在 EFWCoreLib.WcfFrame.ClientController.WcfClientController.InvokeWCFService(String controller, String method, String jsondata)
	   在 WinMainUIFrame.Winform.Controller.wcfclientEmpUserController.LoadUserData(Int32[] deptIds)



Category: FileLog

Priority: 0

EventId: 100

Severity: Error

Title:Enterprise Library Exception Handling

Machine: UALG394S3SBEXSU

App Domain: efwplusClient.exe

ProcessId: 8808

Process Name: D:\工作台\efwplus产品目录\efwplus_cloudhospital\发布打包\efwplusClient\efwplusClient.exe

Thread Name: 

Win32 ThreadId:8940

Extended Properties: 
----------------------------------------
----------------------------------------
Timestamp: 2016-05-20 07:33:41

Message: HandlingInstanceID: 2ff2c307-83bd-4862-8753-4982a9bf7da8
An exception of type 'System.Reflection.TargetInvocationException' occurred and was caught.
-------------------------------------------------------------------------------------------
05/20/2016 15:33:41
Type : System.Reflection.TargetInvocationException, mscorlib, Version=4.0.0.0, Culture=neutral, PublicKeyToken=b77a5c561934e089
Message : 调用的目标发生了异常。
Source : mscorlib
Help link : 
Data : System.Collections.ListDictionaryInternal
TargetSite : System.Object InvokeMethod(System.Object, System.Object[], System.Signature, Boolean)
HResult : -2146232828
Stack Trace :    在 System.RuntimeMethodHandle.InvokeMethod(Object target, Object[] arguments, Signature sig, Boolean constructor)
   在 System.Reflection.RuntimeMethodInfo.UnsafeInvokeInternal(Object obj, Object[] parameters, Object[] arguments)
   在 System.Reflection.RuntimeMethodInfo.Invoke(Object obj, BindingFlags invokeAttr, Binder binder, Object[] parameters, CultureInfo culture)
   在 System.Reflection.MethodBase.Invoke(Object obj, Object[] parameters)
   在 EFWCoreLib.WcfFrame.ClientController.WcfClientController.UI_ControllerEvent(String eventname, Object[] objs)

Additional Info:

MachineName : UALG394S3SBEXSU
TimeStamp : 2016-05-20 07:33:41
FullName : Microsoft.Practices.EnterpriseLibrary.ExceptionHandling, Version=5.0.414.0, Culture=neutral, PublicKeyToken=31bf3856ad364e35
AppDomainName : efwplusClient.exe
ThreadIdentity : 
WindowsIdentity : UALG394S3SBEXSU\Administrator
	Inner Exception
	---------------
	Type : System.Exception, mscorlib, Version=4.0.0.0, Culture=neutral, PublicKeyToken=b77a5c561934e089
	Message : 无法将类型为“System.Int32[]”的对象强制转换为类型“EFWCoreLib.CoreFrame.Business.Interface.IbindDb”。
	Source : EFWCoreLib
	Help link : 
	Data : System.Collections.ListDictionaryInternal
	TargetSite : System.Object InvokeWCFService(System.String, System.String, System.String)
	HResult : -2146233088
	Stack Trace :    在 EFWCoreLib.WcfFrame.ClientController.WcfClientController.InvokeWCFService(String controller, String method, String jsondata)
	   在 WinMainUIFrame.Winform.Controller.wcfclientEmpUserController.LoadUserData(Int32[] deptIds)



Category: FileLog

Priority: 0

EventId: 100

Severity: Error

Title:Enterprise Library Exception Handling

Machine: UALG394S3SBEXSU

App Domain: efwplusClient.exe

ProcessId: 8808

Process Name: D:\工作台\efwplus产品目录\efwplus_cloudhospital\发布打包\efwplusClient\efwplusClient.exe

Thread Name: 

Win32 ThreadId:8940

Extended Properties: 
----------------------------------------
----------------------------------------
Timestamp: 2016-05-20 07:41:55

Message: HandlingInstanceID: 9f3a58bc-ea8b-430b-82cb-af83856220be
An exception of type 'System.Reflection.TargetInvocationException' occurred and was caught.
-------------------------------------------------------------------------------------------
05/20/2016 15:41:55
Type : System.Reflection.TargetInvocationException, mscorlib, Version=4.0.0.0, Culture=neutral, PublicKeyToken=b77a5c561934e089
Message : 调用的目标发生了异常。
Source : mscorlib
Help link : 
Data : System.Collections.ListDictionaryInternal
TargetSite : System.Object InvokeMethod(System.Object, System.Object[], System.Signature, Boolean)
HResult : -2146232828
Stack Trace :    在 System.RuntimeMethodHandle.InvokeMethod(Object target, Object[] arguments, Signature sig, Boolean constructor)
   在 System.Reflection.RuntimeMethodInfo.UnsafeInvokeInternal(Object obj, Object[] parameters, Object[] arguments)
   在 System.Reflection.RuntimeMethodInfo.Invoke(Object obj, BindingFlags invokeAttr, Binder binder, Object[] parameters, CultureInfo culture)
   在 System.Reflection.MethodBase.Invoke(Object obj, Object[] parameters)
   在 EFWCoreLib.WcfFrame.ClientController.WcfClientController.UI_ControllerEvent(String eventname, Object[] objs)

Additional Info:

MachineName : UALG394S3SBEXSU
TimeStamp : 2016-05-20 07:41:55
FullName : Microsoft.Practices.EnterpriseLibrary.ExceptionHandling, Version=5.0.414.0, Culture=neutral, PublicKeyToken=31bf3856ad364e35
AppDomainName : efwplusClient.exe
ThreadIdentity : 
WindowsIdentity : UALG394S3SBEXSU\Administrator
	Inner Exception
	---------------
	Type : System.Exception, mscorlib, Version=4.0.0.0, Culture=neutral, PublicKeyToken=b77a5c561934e089
	Message : 值不能为 null。
参数名: channel
连接服务主机失败，请联系管理员！
	Source : EFWCoreLib
	Help link : 
	Data : System.Collections.ListDictionaryInternal
	TargetSite : System.String Request(System.String, System.String, System.String)
	HResult : -2146233088
	Stack Trace :    在 EFWCoreLib.WcfFrame.ClientLink.Request(String controller, String method, String jsondata)
	   在 EFWCoreLib.WcfFrame.ClientController.WcfClientController.InvokeWCFService(String controller, String method, String jsondata)
	   在 WinMainUIFrame.Winform.Controller.wcfclientLoginController.UserLogin()



Category: FileLog

Priority: 0

EventId: 100

Severity: Error

Title:Enterprise Library Exception Handling

Machine: UALG394S3SBEXSU

App Domain: efwplusClient.exe

ProcessId: 9664

Process Name: D:\工作台\efwplus产品目录\efwplus_cloudhospital\发布打包\efwplusClient\efwplusClient.exe

Thread Name: 

Win32 ThreadId:3232

Extended Properties: 
----------------------------------------
----------------------------------------
Timestamp: 2016-05-20 07:47:29

Message: HandlingInstanceID: a4cef086-4a6b-47c6-97d0-0196b5f4296c
An exception of type 'System.Reflection.TargetInvocationException' occurred and was caught.
-------------------------------------------------------------------------------------------
05/20/2016 15:47:29
Type : System.Reflection.TargetInvocationException, mscorlib, Version=4.0.0.0, Culture=neutral, PublicKeyToken=b77a5c561934e089
Message : 调用的目标发生了异常。
Source : mscorlib
Help link : 
Data : System.Collections.ListDictionaryInternal
TargetSite : System.Object InvokeMethod(System.Object, System.Object[], System.Signature, Boolean)
HResult : -2146232828
Stack Trace :    在 System.RuntimeMethodHandle.InvokeMethod(Object target, Object[] arguments, Signature sig, Boolean constructor)
   在 System.Reflection.RuntimeMethodInfo.UnsafeInvokeInternal(Object obj, Object[] parameters, Object[] arguments)
   在 System.Reflection.RuntimeMethodInfo.Invoke(Object obj, BindingFlags invokeAttr, Binder binder, Object[] parameters, CultureInfo culture)
   在 System.Reflection.MethodBase.Invoke(Object obj, Object[] parameters)
   在 EFWCoreLib.WcfFrame.ClientController.WcfClientController.UI_ControllerEvent(String eventname, Object[] objs)

Additional Info:

MachineName : UALG394S3SBEXSU
TimeStamp : 2016-05-20 07:47:29
FullName : Microsoft.Practices.EnterpriseLibrary.ExceptionHandling, Version=5.0.414.0, Culture=neutral, PublicKeyToken=31bf3856ad364e35
AppDomainName : efwplusClient.exe
ThreadIdentity : 
WindowsIdentity : UALG394S3SBEXSU\Administrator
	Inner Exception
	---------------
	Type : System.Exception, mscorlib, Version=4.0.0.0, Culture=neutral, PublicKeyToken=b77a5c561934e089
	Message : 无法将类型为“System.Int32[]”的对象强制转换为类型“EFWCoreLib.CoreFrame.Business.Interface.IbindDb”。
	Source : EFWCoreLib
	Help link : 
	Data : System.Collections.ListDictionaryInternal
	TargetSite : System.Object InvokeWCFService(System.String, System.String, System.String)
	HResult : -2146233088
	Stack Trace :    在 EFWCoreLib.WcfFrame.ClientController.WcfClientController.InvokeWCFService(String controller, String method, String jsondata)
	   在 WinMainUIFrame.Winform.Controller.wcfclientEmpUserController.LoadUserData(Int32[] deptIds)



Category: FileLog

Priority: 0

EventId: 100

Severity: Error

Title:Enterprise Library Exception Handling

Machine: UALG394S3SBEXSU

App Domain: efwplusClient.exe

ProcessId: 9532

Process Name: D:\工作台\efwplus产品目录\efwplus_cloudhospital\发布打包\efwplusClient\efwplusClient.exe

Thread Name: 

Win32 ThreadId:5656

Extended Properties: 
----------------------------------------
