----------------------------------------
Timestamp: 2016-05-11 07:47:45

Message: HandlingInstanceID: ff7a42e6-0d62-48bc-8f99-b8107d63fb25
An exception of type 'System.NullReferenceException' occurred and was caught.
-----------------------------------------------------------------------------
05/11/2016 15:47:45
Type : System.NullReferenceException, mscorlib, Version=4.0.0.0, Culture=neutral, PublicKeyToken=b77a5c561934e089
Message : 未将对象引用设置到对象的实例。
Source : EFWCoreLib
Help link : 
Data : System.Collections.ListDictionaryInternal
TargetSite : EFWCoreLib.CoreFrame.Init.AttributeManager.WebControllerAttributeInfo GetPluginWebControllerAttributeInfo(System.String, System.String, EFWCoreLib.CoreFrame.Plugin.ModulePlugin ByRef)
HResult : -2147467261
Stack Trace :    在 EFWCoreLib.CoreFrame.Init.AppPluginManage.GetPluginWebControllerAttributeInfo(String pluginname, String name, ModulePlugin& mp) 位置 d:\工作台\efwplus产品目录\efwplus_cloudhospital\efwplus_webframe\EFWCoreLib\CoreFrame\Init\AppPluginManage.cs:行号 116
   在 EFWCoreLib.WebFrame.HttpHandler.Controller.ControllerHelper.CreateController(String controllername) 位置 d:\工作台\efwplus产品目录\efwplus_cloudhospital\efwplus_webframe\EFWCoreLib\WebFrame\HttpHandler\Controller\ControllerHelper.cs:行号 22
   在 EFWCoreLib.WebFrame.HttpHandler.HttpHandlerInvoker.CmdInvoke(HttpContext context) 位置 d:\工作台\efwplus产品目录\efwplus_cloudhospital\efwplus_webframe\EFWCoreLib\WebFrame\HttpHandler\HttpHandlerInvoker.cs:行号 42
   在 EFWCoreLib.WebFrame.HttpHandler.APIHttpHandler.ProcessRequest(HttpContext context) 位置 d:\工作台\efwplus产品目录\efwplus_cloudhospital\efwplus_webframe\EFWCoreLib\WebFrame\HttpHandler\APIHttpHandler.cs:行号 47

Additional Info:

MachineName : UALG394S3SBEXSU
TimeStamp : 2016-05-11 07:47:45
FullName : Microsoft.Practices.EnterpriseLibrary.ExceptionHandling, Version=5.0.414.0, Culture=neutral, PublicKeyToken=31bf3856ad364e35
AppDomainName : e90c06dc-1-131074264578499095
ThreadIdentity : UALG394S3SBEXSU\Administrator
WindowsIdentity : UALG394S3SBEXSU\Administrator


Category: FileLog

Priority: 0

EventId: 100

Severity: Error

Title:Enterprise Library Exception Handling

Machine: UALG394S3SBEXSU

App Domain: e90c06dc-1-131074264578499095

ProcessId: 9992

Process Name: C:\Program Files (x86)\Common Files\Microsoft Shared\DevServer\11.0\WebDev.WebServer40.exe

Thread Name: 

Win32 ThreadId:8248

Extended Properties: 
----------------------------------------
----------------------------------------
Timestamp: 2016-05-11 07:47:54

Message: HandlingInstanceID: c452e2a2-b888-4ad4-b9ee-df6081edc394
An exception of type 'System.NullReferenceException' occurred and was caught.
-----------------------------------------------------------------------------
05/11/2016 15:47:54
Type : System.NullReferenceException, mscorlib, Version=4.0.0.0, Culture=neutral, PublicKeyToken=b77a5c561934e089
Message : 未将对象引用设置到对象的实例。
Source : EFWCoreLib
Help link : 
Data : System.Collections.ListDictionaryInternal
TargetSite : EFWCoreLib.CoreFrame.Init.AttributeManager.WebControllerAttributeInfo GetPluginWebControllerAttributeInfo(System.String, System.String, EFWCoreLib.CoreFrame.Plugin.ModulePlugin ByRef)
HResult : -2147467261
Stack Trace :    在 EFWCoreLib.CoreFrame.Init.AppPluginManage.GetPluginWebControllerAttributeInfo(String pluginname, String name, ModulePlugin& mp) 位置 d:\工作台\efwplus产品目录\efwplus_cloudhospital\efwplus_webframe\EFWCoreLib\CoreFrame\Init\AppPluginManage.cs:行号 116
   在 EFWCoreLib.WebFrame.HttpHandler.Controller.ControllerHelper.CreateController(String controllername) 位置 d:\工作台\efwplus产品目录\efwplus_cloudhospital\efwplus_webframe\EFWCoreLib\WebFrame\HttpHandler\Controller\ControllerHelper.cs:行号 22
   在 EFWCoreLib.WebFrame.HttpHandler.HttpHandlerInvoker.CmdInvoke(HttpContext context) 位置 d:\工作台\efwplus产品目录\efwplus_cloudhospital\efwplus_webframe\EFWCoreLib\WebFrame\HttpHandler\HttpHandlerInvoker.cs:行号 42
   在 EFWCoreLib.WebFrame.HttpHandler.APIHttpHandler.ProcessRequest(HttpContext context) 位置 d:\工作台\efwplus产品目录\efwplus_cloudhospital\efwplus_webframe\EFWCoreLib\WebFrame\HttpHandler\APIHttpHandler.cs:行号 47

Additional Info:

MachineName : UALG394S3SBEXSU
TimeStamp : 2016-05-11 07:47:54
FullName : Microsoft.Practices.EnterpriseLibrary.ExceptionHandling, Version=5.0.414.0, Culture=neutral, PublicKeyToken=31bf3856ad364e35
AppDomainName : e90c06dc-1-131074264578499095
ThreadIdentity : UALG394S3SBEXSU\Administrator
WindowsIdentity : UALG394S3SBEXSU\Administrator


Category: FileLog

Priority: 0

EventId: 100

Severity: Error

Title:Enterprise Library Exception Handling

Machine: UALG394S3SBEXSU

App Domain: e90c06dc-1-131074264578499095

ProcessId: 9992

Process Name: C:\Program Files (x86)\Common Files\Microsoft Shared\DevServer\11.0\WebDev.WebServer40.exe

Thread Name: 

Win32 ThreadId:10192

Extended Properties: 
----------------------------------------
