----------------------------------------
Timestamp: 2016-05-23 02:11:51

Message: HandlingInstanceID: d61e4134-e51e-4386-8574-009e9ebd7ccb
An exception of type 'System.IO.IOException' occurred and was caught.
---------------------------------------------------------------------
05/23/2016 10:11:51
Type : System.IO.IOException, mscorlib, Version=4.0.0.0, Culture=neutral, PublicKeyToken=b77a5c561934e089
Message : 读取流时引发异常。
Source : System.ServiceModel
Help link : 
Data : System.Collections.ListDictionaryInternal
TargetSite : Int32 Read(Byte[], Int32, Int32)
HResult : -2146232800
Stack Trace :    在 System.ServiceModel.Dispatcher.StreamFormatter.MessageBodyStream.Read(Byte[] buffer, Int32 offset, Int32 count)
   在 EFWCoreLib.WcfFrame.WcfService.FileTransferHandlerService.UpLoadFile(UpFile filedata)

Additional Info:

MachineName : UALG394S3SBEXSU
TimeStamp : 2016-05-23 02:11:51
FullName : Microsoft.Practices.EnterpriseLibrary.ExceptionHandling, Version=5.0.414.0, Culture=neutral, PublicKeyToken=31bf3856ad364e35
AppDomainName : efwplusServer.exe
ThreadIdentity : 
WindowsIdentity : UALG394S3SBEXSU\Administrator
	Inner Exception
	---------------
	Type : System.ServiceModel.ProtocolException, System.ServiceModel, Version=4.0.0.0, Culture=neutral, PublicKeyToken=b77a5c561934e089
	Message : 在流的位置 111328170 处读取消息组帧格式时出错(状态: ChunkEnd)
	Source : System.ServiceModel
	Help link : 
	Data : System.Collections.ListDictionaryInternal
	TargetSite : Void ProcessEof()
	HResult : -2146233087
	Stack Trace :    在 System.ServiceModel.Channels.SingletonConnectionReader.SingletonInputConnectionStream.ProcessEof()
	   在 System.ServiceModel.Channels.SingletonConnectionReader.SingletonInputConnectionStream.ReadCore(Byte[] buffer, Int32 offset, Int32 count)
	   在 System.ServiceModel.Channels.SingletonConnectionReader.SingletonInputConnectionStream.Read(Byte[] buffer, Int32 offset, Int32 count)
	   在 System.ServiceModel.Channels.DelegatingStream.Read(Byte[] buffer, Int32 offset, Int32 count)
	   在 System.ServiceModel.Channels.MaxMessageSizeStream.Read(Byte[] buffer, Int32 offset, Int32 count)
	   在 System.Xml.XmlBufferReader.TryEnsureBytes(Int32 count)
	   在 System.Xml.XmlBinaryReader.ReadText(XmlTextNode textNode, ValueHandleType type, Int32 length)
	   在 System.Xml.XmlBinaryReader.ReadNode()
	   在 System.Xml.XmlBaseReader.MoveToContent()
	   在 System.ServiceModel.Dispatcher.StreamFormatter.MessageBodyStream.Read(Byte[] buffer, Int32 offset, Int32 count)

		Inner Exception
		---------------
		Type : System.IO.InvalidDataException, System, Version=4.0.0.0, Culture=neutral, PublicKeyToken=b77a5c561934e089
		Message : 需要更多数据，但已到达文件结尾。
		Source : 
		Help link : 
		Data : System.Collections.ListDictionaryInternal
		TargetSite : 
		HResult : -2146233087
		Stack Trace : The stack trace is unavailable.


Category: FileLog

Priority: 0

EventId: 100

Severity: Error

Title:Enterprise Library Exception Handling

Machine: UALG394S3SBEXSU

App Domain: efwplusServer.exe

ProcessId: 7712

Process Name: D:\工作台\efwplus产品目录\efwplus_cloudhospital\发布打包\efwplusServer\efwplusServer.exe

Thread Name: 

Win32 ThreadId:7372

Extended Properties: 
----------------------------------------
----------------------------------------
Timestamp: 2016-05-23 02:14:19

Message: HandlingInstanceID: 14eb8957-29c4-4e74-ae9c-90291e134ae5
An exception of type 'System.IO.IOException' occurred and was caught.
---------------------------------------------------------------------
05/23/2016 10:14:19
Type : System.IO.IOException, mscorlib, Version=4.0.0.0, Culture=neutral, PublicKeyToken=b77a5c561934e089
Message : 读取流时引发异常。
Source : System.ServiceModel
Help link : 
Data : System.Collections.ListDictionaryInternal
TargetSite : Int32 Read(Byte[], Int32, Int32)
HResult : -2146232800
Stack Trace :    在 System.ServiceModel.Dispatcher.StreamFormatter.MessageBodyStream.Read(Byte[] buffer, Int32 offset, Int32 count)
   在 EFWCoreLib.WcfFrame.WcfService.FileTransferHandlerService.UpLoadFile(UpFile filedata)

Additional Info:

MachineName : UALG394S3SBEXSU
TimeStamp : 2016-05-23 02:14:19
FullName : Microsoft.Practices.EnterpriseLibrary.ExceptionHandling, Version=5.0.414.0, Culture=neutral, PublicKeyToken=31bf3856ad364e35
AppDomainName : efwplusServer.exe
ThreadIdentity : 
WindowsIdentity : UALG394S3SBEXSU\Administrator
	Inner Exception
	---------------
	Type : System.ServiceModel.CommunicationException, System.ServiceModel, Version=4.0.0.0, Culture=neutral, PublicKeyToken=b77a5c561934e089
	Message : 套接字连接已中止。这可能是由于处理消息时出错或远程主机超过接收超时或者潜在的网络资源问题导致的。本地套接字超时是“09:59:59.9979998”。
	Source : System.ServiceModel
	Help link : 
	Data : System.Collections.ListDictionaryInternal
	TargetSite : Int32 ReadCore(Byte[], Int32, Int32, System.TimeSpan, Boolean)
	HResult : -2146233087
	Stack Trace :    在 System.ServiceModel.Channels.SocketConnection.ReadCore(Byte[] buffer, Int32 offset, Int32 size, TimeSpan timeout, Boolean closing)
	   在 System.ServiceModel.Channels.SocketConnection.Read(Byte[] buffer, Int32 offset, Int32 size, TimeSpan timeout)
	   在 System.ServiceModel.Channels.ConnectionStream.Read(Byte[] buffer, Int32 offset, Int32 count)
	   在 System.ServiceModel.Channels.SingletonConnectionReader.SingletonInputConnectionStream.ReadCore(Byte[] buffer, Int32 offset, Int32 count)
	   在 System.ServiceModel.Channels.SingletonConnectionReader.SingletonInputConnectionStream.Read(Byte[] buffer, Int32 offset, Int32 count)
	   在 System.ServiceModel.Channels.DelegatingStream.Read(Byte[] buffer, Int32 offset, Int32 count)
	   在 System.ServiceModel.Channels.MaxMessageSizeStream.Read(Byte[] buffer, Int32 offset, Int32 count)
	   在 System.Xml.XmlBufferReader.TryEnsureBytes(Int32 count)
	   在 System.Xml.XmlBinaryReader.ReadText(XmlTextNode textNode, ValueHandleType type, Int32 length)
	   在 System.Xml.XmlBinaryReader.ReadNode()
	   在 System.Xml.XmlBaseReader.MoveToContent()
	   在 System.ServiceModel.Dispatcher.StreamFormatter.MessageBodyStream.Read(Byte[] buffer, Int32 offset, Int32 count)

		Inner Exception
		---------------
		Type : System.Net.Sockets.SocketException, System, Version=4.0.0.0, Culture=neutral, PublicKeyToken=b77a5c561934e089
		Message : 远程主机强迫关闭了一个现有的连接。
		Source : System
		Help link : 
		ErrorCode : 10054
		SocketErrorCode : ConnectionReset
		NativeErrorCode : 10054
		Data : System.Collections.ListDictionaryInternal
		TargetSite : Int32 Receive(Byte[], Int32, Int32, System.Net.Sockets.SocketFlags)
		HResult : -2147467259
		Stack Trace :    在 System.Net.Sockets.Socket.Receive(Byte[] buffer, Int32 offset, Int32 size, SocketFlags socketFlags)
		   在 System.ServiceModel.Channels.SocketConnection.ReadCore(Byte[] buffer, Int32 offset, Int32 size, TimeSpan timeout, Boolean closing)



Category: FileLog

Priority: 0

EventId: 100

Severity: Error

Title:Enterprise Library Exception Handling

Machine: UALG394S3SBEXSU

App Domain: efwplusServer.exe

ProcessId: 7712

Process Name: D:\工作台\efwplus产品目录\efwplus_cloudhospital\发布打包\efwplusServer\efwplusServer.exe

Thread Name: 

Win32 ThreadId:7224

Extended Properties: 
----------------------------------------
